[debug] [2019-11-27T15:53:34.840Z] ----------------------------------------------------------------------
[debug] [2019-11-27T15:53:34.842Z] Command:       D:\Program Files\nodejs\node.exe C:\Users\kdmil\AppData\Roaming\npm\node_modules\firebase-tools\lib\bin\firebase.js serve
[debug] [2019-11-27T15:53:34.842Z] CLI Version:   7.8.1
[debug] [2019-11-27T15:53:34.842Z] Platform:      win32
[debug] [2019-11-27T15:53:34.842Z] Node Version:  v12.13.0
[debug] [2019-11-27T15:53:34.843Z] Time:          Wed Nov 27 2019 07:53:34 GMT-0800 (Pacific Standard Time)
[debug] [2019-11-27T15:53:34.843Z] ----------------------------------------------------------------------
[debug] [2019-11-27T15:53:34.843Z] 
[debug] [2019-11-27T15:53:34.853Z] > command requires scopes: ["email","openid","https://www.googleapis.com/auth/cloudplatformprojects.readonly","https://www.googleapis.com/auth/firebase","https://www.googleapis.com/auth/cloud-platform"]
[debug] [2019-11-27T15:53:34.853Z] > authorizing via signed-in user
[debug] [2019-11-27T15:53:34.853Z] [iam] checking project project-jenny-89e85 for permissions ["firebase.projects.get"]
[debug] [2019-11-27T15:53:34.854Z] > refreshing access token with scopes: ["email","https://www.googleapis.com/auth/cloud-platform","https://www.googleapis.com/auth/cloudplatformprojects.readonly","https://www.googleapis.com/auth/firebase","openid"]
[debug] [2019-11-27T15:53:34.855Z] >>> HTTP REQUEST POST https://www.googleapis.com/oauth2/v3/token  
 <request body omitted>
[debug] [2019-11-27T15:53:34.951Z] <<< HTTP RESPONSE 200
[debug] [2019-11-27T15:53:34.956Z] >>> HTTP REQUEST POST https://cloudresourcemanager.googleapis.com/v1/projects/project-jenny-89e85:testIamPermissions  

[debug] [2019-11-27T15:53:35.128Z] <<< HTTP RESPONSE 200
[debug] [2019-11-27T15:53:35.129Z] >>> HTTP REQUEST GET https://firebase.googleapis.com/v1beta1/projects/project-jenny-89e85  
 
[debug] [2019-11-27T15:53:35.324Z] <<< HTTP RESPONSE 200
[info] 
[info] === Serving from 'C:\Users\kdmil\OneDrive\Desktop\BCIT\ProjectJenny'...
[info] 
[debug] [2019-11-27T15:53:35.325Z] >>> HTTP REQUEST GET https://firebase.googleapis.com/v1beta1/projects/project-jenny-89e85/webApps/-/config  
 
[debug] [2019-11-27T15:53:35.676Z] <<< HTTP RESPONSE 200
[info] +  hosting: Local server: http://localhost:5000
